<?xml version="1.0" encoding="UTF-8"?>
<!-- Generated by org.testng.reporters.JUnitXMLReporter -->
<testsuite ignored="0" hostname="DESKTOP-1FLO5NT" failures="0" tests="3" name="Default test" time="14.111" errors="0" timestamp="2025-01-20T10:00:19 IST">
  <testcase classname="com.mk.tests.LoginTest" name="loginTest" time="0.649"/>
  <testcase classname="com.mk.tests.LoginTest" name="loginTest" time="0.526"/>
  <testcase classname="com.mk.tests.LoginTest" name="loginTest" time="0.452"/>
</testsuite> <!-- Default test -->
