<?xml version="1.0" encoding="UTF-8"?>
<!-- Generated by org.testng.reporters.JUnitXMLReporter -->
<testsuite ignored="0" hostname="DESKTOP-1FLO5NT" failures="0" tests="3" name="loginTest" time="11.689" errors="0" timestamp="2025-01-13T12:54:37 IST">
  <testcase classname="com.mk.tests.LoginTest" name="alphaTest" time="0.026"/>
  <testcase classname="com.mk.tests.LoginTest" name="alphaTest" time="0.008"/>
  <testcase classname="com.mk.tests.LoginTest" name="alphaTest" time="0.003"/>
</testsuite> <!-- loginTest -->
