<?xml version="1.0" encoding="UTF-8"?>
<testng-results ignored="0" total="3" passed="2" failed="1" skipped="0">
  <reporter-output>
  </reporter-output>
  <suite started-at="2025-01-20T11:20:33 IST" name="Suite" finished-at="2025-01-20T11:20:45 IST" duration-ms="12010">
    <groups>
    </groups>
    <test started-at="2025-01-20T11:20:33 IST" name="Test" finished-at="2025-01-20T11:20:45 IST" duration-ms="12010">
      <class name="com.mk.tests.LoginTest">
        <test-method is-config="true" signature="setup()[pri:0, instance:com.mk.tests.LoginTest@466276d8]" started-at="2025-01-20T11:20:34 IST" name="setup" finished-at="2025-01-20T11:20:41 IST" duration-ms="7017" status="PASS">
          <reporter-output>
          </reporter-output>
        </test-method> <!-- setup -->
        <test-method is-config="true" signature="setup()[pri:0, instance:com.mk.tests.LoginTest@466276d8]" started-at="2025-01-20T11:20:34 IST" name="setup" finished-at="2025-01-20T11:20:38 IST" duration-ms="3079" status="PASS">
          <reporter-output>
          </reporter-output>
        </test-method> <!-- setup -->
        <test-method is-config="true" signature="setup()[pri:0, instance:com.mk.tests.LoginTest@466276d8]" started-at="2025-01-20T11:20:34 IST" name="setup" finished-at="2025-01-20T11:20:44 IST" duration-ms="9229" status="PASS">
          <reporter-output>
          </reporter-output>
        </test-method> <!-- setup -->
        <test-method signature="loginTest(java.util.Map)[pri:0, instance:com.mk.tests.LoginTest@466276d8]" started-at="2025-01-20T11:20:38 IST" name="loginTest" data-provider="getData" finished-at="2025-01-20T11:20:38 IST" duration-ms="616" status="FAIL">
          <params>
            <param index="0">
              <value>
                <![CDATA[{password=secret_sauce, count=1, testDescription=To check whether the user can successfully login, priority=1, execute=yes, testName=loginTest, username=locker_out_user}]]>
              </value>
            </param>
          </params>
          <exception class="java.lang.AssertionError">
            <message>
              <![CDATA[
Expecting actual:
  "https://www.saucedemo.com/"
to contain:
  "inventory" ]]>
            </message>
            <full-stacktrace>
              <![CDATA[java.lang.AssertionError: 
Expecting actual:
  "https://www.saucedemo.com/"
to contain:
  "inventory" 
at com.mk.tests.LoginTest.loginTest(LoginTest.java:21)
at java.base/jdk.internal.reflect.DirectMethodHandleAccessor.invoke(DirectMethodHandleAccessor.java:103)
at java.base/java.lang.reflect.Method.invoke(Method.java:580)
at org.testng.internal.invokers.MethodInvocationHelper.invokeMethod(MethodInvocationHelper.java:141)
at org.testng.internal.invokers.TestInvoker.invokeMethod(TestInvoker.java:686)
at org.testng.internal.invokers.TestInvoker.invokeTestMethod(TestInvoker.java:230)
at org.testng.internal.invokers.TestMethodWithDataProviderMethodWorker.call(TestMethodWithDataProviderMethodWorker.java:81)
at org.testng.internal.thread.Async$AsyncTask.run(Async.java:34)
at java.base/java.util.concurrent.ThreadPoolExecutor.runWorker(ThreadPoolExecutor.java:1144)
at java.base/java.util.concurrent.ThreadPoolExecutor$Worker.run(ThreadPoolExecutor.java:642)
at java.base/java.lang.Thread.run(Thread.java:1575)
]]>
            </full-stacktrace>
          </exception> <!-- java.lang.AssertionError -->
          <reporter-output>
          </reporter-output>
        </test-method> <!-- loginTest -->
        <test-method is-config="true" signature="flush()[pri:0, instance:com.mk.tests.LoginTest@466276d8]" started-at="2025-01-20T11:20:38 IST" name="flush" finished-at="2025-01-20T11:20:41 IST" duration-ms="2212" status="PASS">
          <reporter-output>
          </reporter-output>
        </test-method> <!-- flush -->
        <test-method signature="loginTest(java.util.Map)[pri:0, instance:com.mk.tests.LoginTest@466276d8]" started-at="2025-01-20T11:20:41 IST" name="loginTest" data-provider="getData" finished-at="2025-01-20T11:20:43 IST" duration-ms="1480" status="PASS">
          <params>
            <param index="0">
              <value>
                <![CDATA[{password=secret_sauce, count=1, testDescription=To check whether the user can successfully login, priority=1, execute=yes, testName=loginTest, username=standard_user}]]>
              </value>
            </param>
          </params>
          <reporter-output>
          </reporter-output>
        </test-method> <!-- loginTest -->
        <test-method is-config="true" signature="flush()[pri:0, instance:com.mk.tests.LoginTest@466276d8]" started-at="2025-01-20T11:20:43 IST" name="flush" finished-at="2025-01-20T11:20:45 IST" duration-ms="1602" status="PASS">
          <reporter-output>
          </reporter-output>
        </test-method> <!-- flush -->
        <test-method signature="loginTest(java.util.Map)[pri:0, instance:com.mk.tests.LoginTest@466276d8]" started-at="2025-01-20T11:20:44 IST" name="loginTest" data-provider="getData" finished-at="2025-01-20T11:20:44 IST" duration-ms="438" status="PASS">
          <params>
            <param index="0">
              <value>
                <![CDATA[{password=secret_sauce, count=1, testDescription=To check whether the user can successfully login, priority=1, execute=yes, testName=loginTest, username=problem_user}]]>
              </value>
            </param>
          </params>
          <reporter-output>
          </reporter-output>
        </test-method> <!-- loginTest -->
        <test-method is-config="true" signature="flush()[pri:0, instance:com.mk.tests.LoginTest@466276d8]" started-at="2025-01-20T11:20:44 IST" name="flush" finished-at="2025-01-20T11:20:45 IST" duration-ms="1336" status="PASS">
          <reporter-output>
          </reporter-output>
        </test-method> <!-- flush -->
      </class> <!-- com.mk.tests.LoginTest -->
    </test> <!-- Test -->
  </suite> <!-- Suite -->
</testng-results>
