<?xml version="1.0" encoding="UTF-8"?>
<testng-results ignored="0" total="3" passed="3" failed="0" skipped="0">
  <reporter-output>
  </reporter-output>
  <suite started-at="2025-01-13T12:54:25 IST" name="Suite" finished-at="2025-01-13T12:54:37 IST" duration-ms="11689">
    <groups>
    </groups>
    <test started-at="2025-01-13T12:54:25 IST" name="loginTest" finished-at="2025-01-13T12:54:37 IST" duration-ms="11689">
      <class name="com.mk.tests.LoginTest">
        <test-method is-config="true" signature="setup()[pri:0, instance:com.mk.tests.LoginTest@5ce8d869]" started-at="2025-01-13T12:54:26 IST" name="setup" finished-at="2025-01-13T12:54:29 IST" duration-ms="2777" status="PASS">
          <reporter-output>
          </reporter-output>
        </test-method> <!-- setup -->
        <test-method signature="alphaTest()[pri:0, instance:com.mk.tests.LoginTest@5ce8d869]" started-at="2025-01-13T12:54:29 IST" name="alphaTest" finished-at="2025-01-13T12:54:29 IST" duration-ms="26" status="PASS">
          <reporter-output>
          </reporter-output>
        </test-method> <!-- alphaTest -->
        <test-method is-config="true" signature="flush()[pri:0, instance:com.mk.tests.LoginTest@5ce8d869]" started-at="2025-01-13T12:54:29 IST" name="flush" finished-at="2025-01-13T12:54:30 IST" duration-ms="1250" status="PASS">
          <reporter-output>
          </reporter-output>
        </test-method> <!-- flush -->
        <test-method is-config="true" signature="setup()[pri:0, instance:com.mk.tests.LoginTest@5ce8d869]" started-at="2025-01-13T12:54:30 IST" name="setup" finished-at="2025-01-13T12:54:32 IST" duration-ms="2155" status="PASS">
          <reporter-output>
          </reporter-output>
        </test-method> <!-- setup -->
        <test-method signature="alphaTest()[pri:0, instance:com.mk.tests.LoginTest@5ce8d869]" started-at="2025-01-13T12:54:32 IST" name="alphaTest" finished-at="2025-01-13T12:54:32 IST" duration-ms="8" status="PASS">
          <reporter-output>
          </reporter-output>
        </test-method> <!-- alphaTest -->
        <test-method is-config="true" signature="flush()[pri:0, instance:com.mk.tests.LoginTest@5ce8d869]" started-at="2025-01-13T12:54:32 IST" name="flush" finished-at="2025-01-13T12:54:34 IST" duration-ms="1312" status="PASS">
          <reporter-output>
          </reporter-output>
        </test-method> <!-- flush -->
        <test-method is-config="true" signature="setup()[pri:0, instance:com.mk.tests.LoginTest@5ce8d869]" started-at="2025-01-13T12:54:34 IST" name="setup" finished-at="2025-01-13T12:54:36 IST" duration-ms="2007" status="PASS">
          <reporter-output>
          </reporter-output>
        </test-method> <!-- setup -->
        <test-method signature="alphaTest()[pri:0, instance:com.mk.tests.LoginTest@5ce8d869]" started-at="2025-01-13T12:54:36 IST" name="alphaTest" finished-at="2025-01-13T12:54:36 IST" duration-ms="3" status="PASS">
          <reporter-output>
          </reporter-output>
        </test-method> <!-- alphaTest -->
        <test-method is-config="true" signature="flush()[pri:0, instance:com.mk.tests.LoginTest@5ce8d869]" started-at="2025-01-13T12:54:36 IST" name="flush" finished-at="2025-01-13T12:54:37 IST" duration-ms="1297" status="PASS">
          <reporter-output>
          </reporter-output>
        </test-method> <!-- flush -->
      </class> <!-- com.mk.tests.LoginTest -->
    </test> <!-- loginTest -->
  </suite> <!-- Suite -->
</testng-results>
